<?xml version="1.0" encoding="UTF-8"?>
<!-- Generated by org.testng.reporters.JUnitReportReporter -->
<testsuite hostname="DESKTOP-Q8QP20L" failures="0" tests="2" name="testCases.TC001_AccountRegistrationTest" time="7.338" errors="0" timestamp="2025-09-16T18:42:34 BST" skipped="0">
  <testcase classname="testCases.TC001_AccountRegistrationTest" name="verify_account_registration" time="3.369"/>
  <testcase classname="testCases.TC001_AccountRegistrationTest" name="verify_account_registration" time="3.969"/>
</testsuite> <!-- testCases.TC001_AccountRegistrationTest -->
