<?xml version="1.0" encoding="UTF-8"?>
<!-- Generated by org.testng.reporters.JUnitReportReporter -->
<testsuite hostname="DESKTOP-Q8QP20L" failures="0" tests="1" name="testCases.TC001_AccountRegistrationTest" time="3.885" errors="0" timestamp="2025-09-22T16:30:55 BST" skipped="0">
  <testcase classname="testCases.TC001_AccountRegistrationTest" name="verify_account_registration" time="3.885"/>
</testsuite> <!-- testCases.TC001_AccountRegistrationTest -->
